{"time":"38.713","step_index":0,"browser":"chrome","scenario":"Verify the image content on clicking categories in home page","feature":"features\\website\\desktop_nike.feature:10","step":"Given  I am on browser home page","outline":{"category":"WOMEN","text":"JOIN THE FREE"}}
{"time":"0.231","step_index":1,"browser":"chrome","scenario":"Verify the image content on clicking categories in home page","feature":"features\\website\\desktop_nike.feature:10","step":"When  I tap \"WOMEN\" in the header","outline":{"category":"WOMEN","text":"JOIN THE FREE"}}
{"time":"16.546","step_index":2,"browser":"chrome","scenario":"Verify the image content on clicking categories in home page","feature":"features\\website\\desktop_nike.feature:10","step":"Then  I should see the URL and header corresponding to \"WOMEN\"","outline":{"category":"WOMEN","text":"JOIN THE FREE"}}
{"time":"2.342","step_index":3,"browser":"chrome","scenario":"Verify the image content on clicking categories in home page","feature":"features\\website\\desktop_nike.feature:10","step":"And  I should see the JOIN THE FREE text of image in the page","outline":{"category":"WOMEN","text":"JOIN THE FREE"}}
{"time":"57.853","browser":"chrome","status":"passed","scenario":"Verify the image content on clicking categories in home page","feature":"features\\website\\desktop_nike.feature:10"}
{"time":"54.085","step_index":0,"browser":"chrome","scenario":"Verify the image content on clicking categories in home page","feature":"features\\website\\desktop_nike.feature:10","step":"Given  I am on browser home page","outline":{"category":"BOYS","text":"UNLEASH YOUR BEAST"}}
{"time":"0.225","step_index":1,"browser":"chrome","scenario":"Verify the image content on clicking categories in home page","feature":"features\\website\\desktop_nike.feature:10","step":"When  I tap \"BOYS\" in the header","outline":{"category":"BOYS","text":"UNLEASH YOUR BEAST"}}
{"time":"14.261","step_index":2,"browser":"chrome","scenario":"Verify the image content on clicking categories in home page","feature":"features\\website\\desktop_nike.feature:10","step":"Then  I should see the URL and header corresponding to \"BOYS\"","outline":{"category":"BOYS","text":"UNLEASH YOUR BEAST"}}
{"time":"2.239","step_index":3,"browser":"chrome","scenario":"Verify the image content on clicking categories in home page","feature":"features\\website\\desktop_nike.feature:10","step":"And  I should see the UNLEASH YOUR BEAST text of image in the page","outline":{"category":"BOYS","text":"UNLEASH YOUR BEAST"}}
{"time":"70.828","browser":"chrome","status":"passed","scenario":"Verify the image content on clicking categories in home page","feature":"features\\website\\desktop_nike.feature:10"}
{"time":"41.484","step_index":0,"browser":"chrome","scenario":"Verify the image content on clicking categories in home page","feature":"features\\website\\desktop_nike.feature:10","step":"Given  I am on browser home page","outline":{"category":"GIRLS","text":"UNLEASH YOUR"}}
{"time":"0.197","step_index":1,"browser":"chrome","scenario":"Verify the image content on clicking categories in home page","feature":"features\\website\\desktop_nike.feature:10","step":"When  I tap \"GIRLS\" in the header","outline":{"category":"GIRLS","text":"UNLEASH YOUR"}}
{"time":"7.544","step_index":2,"browser":"chrome","scenario":"Verify the image content on clicking categories in home page","feature":"features\\website\\desktop_nike.feature:10","step":"Then  I should see the URL and header corresponding to \"GIRLS\"","outline":{"category":"GIRLS","text":"UNLEASH YOUR"}}
{"time":"51.583","browser":"chrome","status":"failed","scenario":"Verify the image content on clicking categories in home page","feature":"features\\website\\desktop_nike.feature:10","step":"And  I should see the UNLEASH YOUR text of image in the page","outline":{"category":"GIRLS","text":"UNLEASH YOUR"}}
{"time":"51.583","browser":"chrome","status":"failed","scenario":"Verify the image content on clicking categories in home page","feature":"features\\website\\desktop_nike.feature:10"}


{"time":"42.547","step_index":0,"browser":"chrome","scenario":"Verify the navigation of images on clicking arrow button in home page","feature":"features\\website\\desktop_nike.feature:4","step":"Given  I am on browser home page"}
{"time":"0.247","step_index":1,"browser":"chrome","scenario":"Verify the navigation of images on clicking arrow button in home page","feature":"features\\website\\desktop_nike.feature:4","step":"When  I tap on the nike logo"}
{"time":"25.935","step_index":2,"browser":"chrome","scenario":"Verify the navigation of images on clicking arrow button in home page","feature":"features\\website\\desktop_nike.feature:4","step":"Then  I should see the content displayed in image in home page"}
{"time":"68.754","browser":"chrome","status":"passed","scenario":"Verify the navigation of images on clicking arrow button in home page","feature":"features\\website\\desktop_nike.feature:4"}
{"time":"39.632","step_index":0,"browser":"chrome","scenario":"Verify the image content on clicking categories in home page","feature":"features\\website\\desktop_nike.feature:10","step":"Given  I am on browser home page","outline":{"category":"WOMEN","text":"JOIN THE FREE"}}
{"time":"0.238","step_index":1,"browser":"chrome","scenario":"Verify the image content on clicking categories in home page","feature":"features\\website\\desktop_nike.feature:10","step":"When  I tap \"WOMEN\" in the header","outline":{"category":"WOMEN","text":"JOIN THE FREE"}}
{"time":"12.04","step_index":2,"browser":"chrome","scenario":"Verify the image content on clicking categories in home page","feature":"features\\website\\desktop_nike.feature:10","step":"Then  I should see the URL and header corresponding to \"WOMEN\"","outline":{"category":"WOMEN","text":"JOIN THE FREE"}}
{"time":"2.361","step_index":3,"browser":"chrome","scenario":"Verify the image content on clicking categories in home page","feature":"features\\website\\desktop_nike.feature:10","step":"And  I should see the JOIN THE FREE text of image in the page","outline":{"category":"WOMEN","text":"JOIN THE FREE"}}
{"time":"54.293","browser":"chrome","status":"passed","scenario":"Verify the image content on clicking categories in home page","feature":"features\\website\\desktop_nike.feature:10"}
{"time":"44.519","step_index":0,"browser":"chrome","scenario":"Verify the image content on clicking categories in home page","feature":"features\\website\\desktop_nike.feature:10","step":"Given  I am on browser home page","outline":{"category":"BOYS","text":"UNLEASH YOUR BEAST"}}
{"time":"0.24","step_index":1,"browser":"chrome","scenario":"Verify the image content on clicking categories in home page","feature":"features\\website\\desktop_nike.feature:10","step":"When  I tap \"BOYS\" in the header","outline":{"category":"BOYS","text":"UNLEASH YOUR BEAST"}}
{"time":"21.786","step_index":2,"browser":"chrome","scenario":"Verify the image content on clicking categories in home page","feature":"features\\website\\desktop_nike.feature:10","step":"Then  I should see the URL and header corresponding to \"BOYS\"","outline":{"category":"BOYS","text":"UNLEASH YOUR BEAST"}}
{"time":"2.311","step_index":3,"browser":"chrome","scenario":"Verify the image content on clicking categories in home page","feature":"features\\website\\desktop_nike.feature:10","step":"And  I should see the UNLEASH YOUR BEAST text of image in the page","outline":{"category":"BOYS","text":"UNLEASH YOUR BEAST"}}
{"time":"68.874","browser":"chrome","status":"passed","scenario":"Verify the image content on clicking categories in home page","feature":"features\\website\\desktop_nike.feature:10"}
{"time":"41.442","step_index":0,"browser":"chrome","scenario":"Verify the image content on clicking categories in home page","feature":"features\\website\\desktop_nike.feature:10","step":"Given  I am on browser home page","outline":{"category":"GIRLS","text":"UNLEASH YOUR"}}
{"time":"0.214","step_index":1,"browser":"chrome","scenario":"Verify the image content on clicking categories in home page","feature":"features\\website\\desktop_nike.feature:10","step":"When  I tap \"GIRLS\" in the header","outline":{"category":"GIRLS","text":"UNLEASH YOUR"}}
{"time":"18.43","step_index":2,"browser":"chrome","scenario":"Verify the image content on clicking categories in home page","feature":"features\\website\\desktop_nike.feature:10","step":"Then  I should see the URL and header corresponding to \"GIRLS\"","outline":{"category":"GIRLS","text":"UNLEASH YOUR"}}
{"time":"2.342","step_index":3,"browser":"chrome","scenario":"Verify the image content on clicking categories in home page","feature":"features\\website\\desktop_nike.feature:10","step":"And  I should see the UNLEASH YOUR text of image in the page","outline":{"category":"GIRLS","text":"UNLEASH YOUR"}}
{"time":"62.448","browser":"chrome","status":"passed","scenario":"Verify the image content on clicking categories in home page","feature":"features\\website\\desktop_nike.feature:10"}
{"time":"42.897","step_index":0,"browser":"chrome","scenario":"Guest user should be able to view the sub-navigation container","feature":"features\\website\\desktop_nike.feature:22","step":"Given  I am on browser home page"}
{"time":"0.121","step_index":1,"browser":"chrome","scenario":"Guest user should be able to view the sub-navigation container","feature":"features\\website\\desktop_nike.feature:22","step":"When  I focus on the men link"}
{"time":"3.099","step_index":2,"browser":"chrome","scenario":"Guest user should be able to view the sub-navigation container","feature":"features\\website\\desktop_nike.feature:22","step":"Then  I should see the corresponding subnavigation container"}
{"time":"46.137","browser":"chrome","status":"passed","scenario":"Guest user should be able to view the sub-navigation container","feature":"features\\website\\desktop_nike.feature:22"}
{"time":"41.327","step_index":0,"browser":"chrome","scenario":"As a guest user, a user should be able to navigate to product display page","feature":"features\\website\\desktop_nike.feature:28","step":"Given  I am on browser home page"}
{"time":"0.282","step_index":1,"browser":"chrome","scenario":"As a guest user, a user should be able to navigate to product display page","feature":"features\\website\\desktop_nike.feature:28","step":"When  I tap \"BOYS\" in the header"}
{"time":"9.576","step_index":2,"browser":"chrome","scenario":"As a guest user, a user should be able to navigate to product display page","feature":"features\\website\\desktop_nike.feature:28","step":"Then  I should see the URL and header corresponding to \"BOYS\""}
{"time":"0.265","step_index":3,"browser":"chrome","scenario":"As a guest user, a user should be able to navigate to product display page","feature":"features\\website\\desktop_nike.feature:28","step":"When  I tap on the shop now link"}
{"time":"19.242","step_index":4,"browser":"chrome","scenario":"As a guest user, a user should be able to navigate to product display page","feature":"features\\website\\desktop_nike.feature:28","step":"Then  I see category browse page with filter option"}
{"time":"20.882","step_index":5,"browser":"chrome","scenario":"As a guest user, a user should be able to navigate to product display page","feature":"features\\website\\desktop_nike.feature:28","step":"When  I store the particular product name and I tap on it"}
{"time":"0.141","step_index":6,"browser":"chrome","scenario":"As a guest user, a user should be able to navigate to product display page","feature":"features\\website\\desktop_nike.feature:28","step":"Then  I should navigate to corresponding PDP page with that product name"}
{"time":"91.737","browser":"chrome","status":"passed","scenario":"As a guest user, a user should be able to navigate to product display page","feature":"features\\website\\desktop_nike.feature:28"}


